27-Jun-2025 13:16:45.280 INFO [main] org.apache.catalina.startup.VersionLoggerListener.log Server version name:   Apache Tomcat/9.0.106
27-Jun-2025 13:16:45.284 INFO [main] org.apache.catalina.startup.VersionLoggerListener.log Server built:          Jun 5 2025 19:02:30 UTC
27-Jun-2025 13:16:45.284 INFO [main] org.apache.catalina.startup.VersionLoggerListener.log Server version number: 9.0.106.0
27-Jun-2025 13:16:45.284 INFO [main] org.apache.catalina.startup.VersionLoggerListener.log OS Name:               Windows 11
27-Jun-2025 13:16:45.284 INFO [main] org.apache.catalina.startup.VersionLoggerListener.log OS Version:            10.0
27-Jun-2025 13:16:45.284 INFO [main] org.apache.catalina.startup.VersionLoggerListener.log Architecture:          amd64
27-Jun-2025 13:16:45.284 INFO [main] org.apache.catalina.startup.VersionLoggerListener.log Java Home:             C:\Users\LENOVO\.jdks\openjdk-23.0.2
27-Jun-2025 13:16:45.284 INFO [main] org.apache.catalina.startup.VersionLoggerListener.log JVM Version:           23.0.2+7-58
27-Jun-2025 13:16:45.284 INFO [main] org.apache.catalina.startup.VersionLoggerListener.log JVM Vendor:            Oracle Corporation
27-Jun-2025 13:16:45.285 INFO [main] org.apache.catalina.startup.VersionLoggerListener.log CATALINA_BASE:         C:\Users\LENOVO\IdeaProjects\GenericServlet\.smarttomcat
27-Jun-2025 13:16:45.285 INFO [main] org.apache.catalina.startup.VersionLoggerListener.log CATALINA_HOME:         C:\Users\LENOVO\Downloads\apache-tomcat-9.0.106
27-Jun-2025 13:16:45.292 INFO [main] org.apache.catalina.startup.VersionLoggerListener.log Command line argument: --add-opens=java.base/java.lang=ALL-UNNAMED
27-Jun-2025 13:16:45.293 INFO [main] org.apache.catalina.startup.VersionLoggerListener.log Command line argument: --add-opens=java.base/java.io=ALL-UNNAMED
27-Jun-2025 13:16:45.293 INFO [main] org.apache.catalina.startup.VersionLoggerListener.log Command line argument: --add-opens=java.base/java.util=ALL-UNNAMED
27-Jun-2025 13:16:45.293 INFO [main] org.apache.catalina.startup.VersionLoggerListener.log Command line argument: --add-opens=java.base/java.util.concurrent=ALL-UNNAMED
27-Jun-2025 13:16:45.293 INFO [main] org.apache.catalina.startup.VersionLoggerListener.log Command line argument: --add-opens=java.rmi/sun.rmi.transport=ALL-UNNAMED
27-Jun-2025 13:16:45.294 INFO [main] org.apache.catalina.startup.VersionLoggerListener.log Command line argument: -Dcatalina.home=C:\Users\LENOVO\Downloads\apache-tomcat-9.0.106
27-Jun-2025 13:16:45.294 INFO [main] org.apache.catalina.startup.VersionLoggerListener.log Command line argument: -Dcatalina.base=C:\Users\LENOVO\IdeaProjects\GenericServlet\.smarttomcat
27-Jun-2025 13:16:45.294 INFO [main] org.apache.catalina.startup.VersionLoggerListener.log Command line argument: -Djava.io.tmpdir=C:\Users\LENOVO\IdeaProjects\GenericServlet\.smarttomcat\temp
27-Jun-2025 13:16:45.294 INFO [main] org.apache.catalina.startup.VersionLoggerListener.log Command line argument: -Djava.util.logging.config.file=C:\Users\LENOVO\IdeaProjects\GenericServlet\.smarttomcat\conf\logging.properties
27-Jun-2025 13:16:45.294 INFO [main] org.apache.catalina.startup.VersionLoggerListener.log Command line argument: -Djava.util.logging.manager=org.apache.juli.ClassLoaderLogManager
27-Jun-2025 13:16:45.294 INFO [main] org.apache.catalina.startup.VersionLoggerListener.log Command line argument: -javaagent:C:\Users\LENOVO\AppData\Local\JetBrains\IntelliJ IDEA Community Edition 2024.3.4.1\lib\idea_rt.jar=57508
27-Jun-2025 13:16:45.294 INFO [main] org.apache.catalina.startup.VersionLoggerListener.log Command line argument: -Dfile.encoding=UTF-8
27-Jun-2025 13:16:45.294 INFO [main] org.apache.catalina.startup.VersionLoggerListener.log Command line argument: -Dsun.stdout.encoding=UTF-8
27-Jun-2025 13:16:45.294 INFO [main] org.apache.catalina.startup.VersionLoggerListener.log Command line argument: -Dsun.stderr.encoding=UTF-8
27-Jun-2025 13:16:45.301 INFO [main] org.apache.catalina.core.AprLifecycleListener.lifecycleEvent The Apache Tomcat Native library which allows using OpenSSL was not found on the java.library.path: [C:\Users\LENOVO\.jdks\openjdk-23.0.2\bin;C:\WINDOWS\Sun\Java\bin;C:\WINDOWS\system32;C:\WINDOWS;C:\Program Files\Common Files\Oracle\Java\javapath;C:\WINDOWS\system32;C:\WINDOWS;C:\WINDOWS\System32\Wbem;C:\WINDOWS\System32\WindowsPowerShell\v1.0\;C:\WINDOWS\System32\OpenSSH\;C:\Program Files\nodejs\;C:\Program Files\Git\cmd;C:\Program Files\MySQL\MySQL Shell 9.2\bin\;C:\Users\LENOVO\AppData\Local\Microsoft\WindowsApps;C:\Users\LENOVO\AppData\Local\Programs\Microsoft VS Code\bin;C:\Users\LENOVO\AppData\Roaming\npm;.]
27-Jun-2025 13:16:45.690 INFO [main] org.apache.coyote.AbstractProtocol.init Initializing ProtocolHandler ["http-nio-8080"]
27-Jun-2025 13:16:45.714 INFO [main] org.apache.catalina.startup.Catalina.load Server initialization in [638] milliseconds
27-Jun-2025 13:16:45.766 INFO [main] org.apache.catalina.core.StandardService.startInternal Starting service [Catalina]
27-Jun-2025 13:16:45.766 INFO [main] org.apache.catalina.core.StandardEngine.startInternal Starting Servlet engine: [Apache Tomcat/9.0.106]
27-Jun-2025 13:16:45.801 INFO [main] org.apache.catalina.startup.HostConfig.deployDescriptor Deploying deployment descriptor [C:\Users\LENOVO\IdeaProjects\GenericServlet\.smarttomcat\conf\Catalina\localhost\GenericServlet.xml]
27-Jun-2025 13:16:46.139 INFO [main] org.apache.catalina.startup.HostConfig.deployDescriptor Deployment of deployment descriptor [C:\Users\LENOVO\IdeaProjects\GenericServlet\.smarttomcat\conf\Catalina\localhost\GenericServlet.xml] has finished in [336] ms
27-Jun-2025 13:16:46.143 INFO [main] org.apache.coyote.AbstractProtocol.start Starting ProtocolHandler ["http-nio-8080"]
27-Jun-2025 13:16:46.165 INFO [main] org.apache.catalina.startup.Catalina.start Server startup in [449] milliseconds
27-Jun-2025 13:17:08.337 INFO [Thread-1] org.apache.coyote.AbstractProtocol.pause Pausing ProtocolHandler ["http-nio-8080"]
27-Jun-2025 13:17:08.349 INFO [Thread-1] org.apache.catalina.core.StandardService.stopInternal Stopping service [Catalina]
27-Jun-2025 13:17:08.384 INFO [Thread-1] org.apache.coyote.AbstractProtocol.stop Stopping ProtocolHandler ["http-nio-8080"]
27-Jun-2025 13:17:08.397 INFO [Thread-1] org.apache.coyote.AbstractProtocol.destroy Destroying ProtocolHandler ["http-nio-8080"]
27-Jun-2025 13:18:15.674 INFO [main] org.apache.catalina.startup.VersionLoggerListener.log Server version name:   Apache Tomcat/9.0.106
27-Jun-2025 13:18:15.678 INFO [main] org.apache.catalina.startup.VersionLoggerListener.log Server built:          Jun 5 2025 19:02:30 UTC
27-Jun-2025 13:18:15.678 INFO [main] org.apache.catalina.startup.VersionLoggerListener.log Server version number: 9.0.106.0
27-Jun-2025 13:18:15.678 INFO [main] org.apache.catalina.startup.VersionLoggerListener.log OS Name:               Windows 11
27-Jun-2025 13:18:15.679 INFO [main] org.apache.catalina.startup.VersionLoggerListener.log OS Version:            10.0
27-Jun-2025 13:18:15.679 INFO [main] org.apache.catalina.startup.VersionLoggerListener.log Architecture:          amd64
27-Jun-2025 13:18:15.679 INFO [main] org.apache.catalina.startup.VersionLoggerListener.log Java Home:             C:\Users\LENOVO\.jdks\openjdk-23.0.2
27-Jun-2025 13:18:15.679 INFO [main] org.apache.catalina.startup.VersionLoggerListener.log JVM Version:           23.0.2+7-58
27-Jun-2025 13:18:15.679 INFO [main] org.apache.catalina.startup.VersionLoggerListener.log JVM Vendor:            Oracle Corporation
27-Jun-2025 13:18:15.679 INFO [main] org.apache.catalina.startup.VersionLoggerListener.log CATALINA_BASE:         C:\Users\LENOVO\IdeaProjects\GenericServlet\.smarttomcat
27-Jun-2025 13:18:15.679 INFO [main] org.apache.catalina.startup.VersionLoggerListener.log CATALINA_HOME:         C:\Users\LENOVO\Downloads\apache-tomcat-9.0.106
27-Jun-2025 13:18:15.689 INFO [main] org.apache.catalina.startup.VersionLoggerListener.log Command line argument: --add-opens=java.base/java.lang=ALL-UNNAMED
27-Jun-2025 13:18:15.689 INFO [main] org.apache.catalina.startup.VersionLoggerListener.log Command line argument: --add-opens=java.base/java.io=ALL-UNNAMED
27-Jun-2025 13:18:15.690 INFO [main] org.apache.catalina.startup.VersionLoggerListener.log Command line argument: --add-opens=java.base/java.util=ALL-UNNAMED
27-Jun-2025 13:18:15.690 INFO [main] org.apache.catalina.startup.VersionLoggerListener.log Command line argument: --add-opens=java.base/java.util.concurrent=ALL-UNNAMED
27-Jun-2025 13:18:15.690 INFO [main] org.apache.catalina.startup.VersionLoggerListener.log Command line argument: --add-opens=java.rmi/sun.rmi.transport=ALL-UNNAMED
27-Jun-2025 13:18:15.690 INFO [main] org.apache.catalina.startup.VersionLoggerListener.log Command line argument: -Dcatalina.home=C:\Users\LENOVO\Downloads\apache-tomcat-9.0.106
27-Jun-2025 13:18:15.690 INFO [main] org.apache.catalina.startup.VersionLoggerListener.log Command line argument: -Dcatalina.base=C:\Users\LENOVO\IdeaProjects\GenericServlet\.smarttomcat
27-Jun-2025 13:18:15.690 INFO [main] org.apache.catalina.startup.VersionLoggerListener.log Command line argument: -Djava.io.tmpdir=C:\Users\LENOVO\IdeaProjects\GenericServlet\.smarttomcat\temp
27-Jun-2025 13:18:15.690 INFO [main] org.apache.catalina.startup.VersionLoggerListener.log Command line argument: -Djava.util.logging.config.file=C:\Users\LENOVO\IdeaProjects\GenericServlet\.smarttomcat\conf\logging.properties
27-Jun-2025 13:18:15.690 INFO [main] org.apache.catalina.startup.VersionLoggerListener.log Command line argument: -Djava.util.logging.manager=org.apache.juli.ClassLoaderLogManager
27-Jun-2025 13:18:15.690 INFO [main] org.apache.catalina.startup.VersionLoggerListener.log Command line argument: -javaagent:C:\Users\LENOVO\AppData\Local\JetBrains\IntelliJ IDEA Community Edition 2024.3.4.1\lib\idea_rt.jar=57519
27-Jun-2025 13:18:15.690 INFO [main] org.apache.catalina.startup.VersionLoggerListener.log Command line argument: -Dfile.encoding=UTF-8
27-Jun-2025 13:18:15.691 INFO [main] org.apache.catalina.startup.VersionLoggerListener.log Command line argument: -Dsun.stdout.encoding=UTF-8
27-Jun-2025 13:18:15.691 INFO [main] org.apache.catalina.startup.VersionLoggerListener.log Command line argument: -Dsun.stderr.encoding=UTF-8
27-Jun-2025 13:18:15.695 INFO [main] org.apache.catalina.core.AprLifecycleListener.lifecycleEvent The Apache Tomcat Native library which allows using OpenSSL was not found on the java.library.path: [C:\Users\LENOVO\.jdks\openjdk-23.0.2\bin;C:\WINDOWS\Sun\Java\bin;C:\WINDOWS\system32;C:\WINDOWS;C:\Program Files\Common Files\Oracle\Java\javapath;C:\WINDOWS\system32;C:\WINDOWS;C:\WINDOWS\System32\Wbem;C:\WINDOWS\System32\WindowsPowerShell\v1.0\;C:\WINDOWS\System32\OpenSSH\;C:\Program Files\nodejs\;C:\Program Files\Git\cmd;C:\Program Files\MySQL\MySQL Shell 9.2\bin\;C:\Users\LENOVO\AppData\Local\Microsoft\WindowsApps;C:\Users\LENOVO\AppData\Local\Programs\Microsoft VS Code\bin;C:\Users\LENOVO\AppData\Roaming\npm;.]
27-Jun-2025 13:18:16.122 INFO [main] org.apache.coyote.AbstractProtocol.init Initializing ProtocolHandler ["http-nio-8080"]
27-Jun-2025 13:18:16.145 INFO [main] org.apache.catalina.startup.Catalina.load Server initialization in [701] milliseconds
27-Jun-2025 13:18:16.200 INFO [main] org.apache.catalina.core.StandardService.startInternal Starting service [Catalina]
27-Jun-2025 13:18:16.200 INFO [main] org.apache.catalina.core.StandardEngine.startInternal Starting Servlet engine: [Apache Tomcat/9.0.106]
27-Jun-2025 13:18:16.218 INFO [main] org.apache.catalina.startup.HostConfig.deployDescriptor Deploying deployment descriptor [C:\Users\LENOVO\IdeaProjects\GenericServlet\.smarttomcat\conf\Catalina\localhost\GenericServlet.xml]
27-Jun-2025 13:18:16.574 INFO [main] org.apache.catalina.startup.HostConfig.deployDescriptor Deployment of deployment descriptor [C:\Users\LENOVO\IdeaProjects\GenericServlet\.smarttomcat\conf\Catalina\localhost\GenericServlet.xml] has finished in [356] ms
27-Jun-2025 13:18:16.578 INFO [main] org.apache.coyote.AbstractProtocol.start Starting ProtocolHandler ["http-nio-8080"]
27-Jun-2025 13:18:16.602 INFO [main] org.apache.catalina.startup.Catalina.start Server startup in [455] milliseconds
27-Jun-2025 13:18:52.629 INFO [Thread-1] org.apache.coyote.AbstractProtocol.pause Pausing ProtocolHandler ["http-nio-8080"]
27-Jun-2025 13:18:52.639 INFO [Thread-1] org.apache.catalina.core.StandardService.stopInternal Stopping service [Catalina]
27-Jun-2025 13:18:52.652 INFO [Thread-1] org.apache.coyote.AbstractProtocol.stop Stopping ProtocolHandler ["http-nio-8080"]
27-Jun-2025 13:18:52.666 INFO [Thread-1] org.apache.coyote.AbstractProtocol.destroy Destroying ProtocolHandler ["http-nio-8080"]
27-Jun-2025 13:18:54.747 INFO [main] org.apache.catalina.startup.VersionLoggerListener.log Server version name:   Apache Tomcat/9.0.106
27-Jun-2025 13:18:54.751 INFO [main] org.apache.catalina.startup.VersionLoggerListener.log Server built:          Jun 5 2025 19:02:30 UTC
27-Jun-2025 13:18:54.751 INFO [main] org.apache.catalina.startup.VersionLoggerListener.log Server version number: 9.0.106.0
27-Jun-2025 13:18:54.751 INFO [main] org.apache.catalina.startup.VersionLoggerListener.log OS Name:               Windows 11
27-Jun-2025 13:18:54.751 INFO [main] org.apache.catalina.startup.VersionLoggerListener.log OS Version:            10.0
27-Jun-2025 13:18:54.751 INFO [main] org.apache.catalina.startup.VersionLoggerListener.log Architecture:          amd64
27-Jun-2025 13:18:54.751 INFO [main] org.apache.catalina.startup.VersionLoggerListener.log Java Home:             C:\Users\LENOVO\.jdks\openjdk-23.0.2
27-Jun-2025 13:18:54.752 INFO [main] org.apache.catalina.startup.VersionLoggerListener.log JVM Version:           23.0.2+7-58
27-Jun-2025 13:18:54.752 INFO [main] org.apache.catalina.startup.VersionLoggerListener.log JVM Vendor:            Oracle Corporation
27-Jun-2025 13:18:54.752 INFO [main] org.apache.catalina.startup.VersionLoggerListener.log CATALINA_BASE:         C:\Users\LENOVO\IdeaProjects\GenericServlet\.smarttomcat
27-Jun-2025 13:18:54.752 INFO [main] org.apache.catalina.startup.VersionLoggerListener.log CATALINA_HOME:         C:\Users\LENOVO\Downloads\apache-tomcat-9.0.106
27-Jun-2025 13:18:54.759 INFO [main] org.apache.catalina.startup.VersionLoggerListener.log Command line argument: --add-opens=java.base/java.lang=ALL-UNNAMED
27-Jun-2025 13:18:54.760 INFO [main] org.apache.catalina.startup.VersionLoggerListener.log Command line argument: --add-opens=java.base/java.io=ALL-UNNAMED
27-Jun-2025 13:18:54.760 INFO [main] org.apache.catalina.startup.VersionLoggerListener.log Command line argument: --add-opens=java.base/java.util=ALL-UNNAMED
27-Jun-2025 13:18:54.760 INFO [main] org.apache.catalina.startup.VersionLoggerListener.log Command line argument: --add-opens=java.base/java.util.concurrent=ALL-UNNAMED
27-Jun-2025 13:18:54.760 INFO [main] org.apache.catalina.startup.VersionLoggerListener.log Command line argument: --add-opens=java.rmi/sun.rmi.transport=ALL-UNNAMED
27-Jun-2025 13:18:54.760 INFO [main] org.apache.catalina.startup.VersionLoggerListener.log Command line argument: -Dcatalina.home=C:\Users\LENOVO\Downloads\apache-tomcat-9.0.106
27-Jun-2025 13:18:54.760 INFO [main] org.apache.catalina.startup.VersionLoggerListener.log Command line argument: -Dcatalina.base=C:\Users\LENOVO\IdeaProjects\GenericServlet\.smarttomcat
27-Jun-2025 13:18:54.760 INFO [main] org.apache.catalina.startup.VersionLoggerListener.log Command line argument: -Djava.io.tmpdir=C:\Users\LENOVO\IdeaProjects\GenericServlet\.smarttomcat\temp
27-Jun-2025 13:18:54.761 INFO [main] org.apache.catalina.startup.VersionLoggerListener.log Command line argument: -Djava.util.logging.config.file=C:\Users\LENOVO\IdeaProjects\GenericServlet\.smarttomcat\conf\logging.properties
27-Jun-2025 13:18:54.761 INFO [main] org.apache.catalina.startup.VersionLoggerListener.log Command line argument: -Djava.util.logging.manager=org.apache.juli.ClassLoaderLogManager
27-Jun-2025 13:18:54.761 INFO [main] org.apache.catalina.startup.VersionLoggerListener.log Command line argument: -javaagent:C:\Users\LENOVO\AppData\Local\JetBrains\IntelliJ IDEA Community Edition 2024.3.4.1\lib\idea_rt.jar=57526
27-Jun-2025 13:18:54.761 INFO [main] org.apache.catalina.startup.VersionLoggerListener.log Command line argument: -Dfile.encoding=UTF-8
27-Jun-2025 13:18:54.761 INFO [main] org.apache.catalina.startup.VersionLoggerListener.log Command line argument: -Dsun.stdout.encoding=UTF-8
27-Jun-2025 13:18:54.761 INFO [main] org.apache.catalina.startup.VersionLoggerListener.log Command line argument: -Dsun.stderr.encoding=UTF-8
27-Jun-2025 13:18:54.766 INFO [main] org.apache.catalina.core.AprLifecycleListener.lifecycleEvent The Apache Tomcat Native library which allows using OpenSSL was not found on the java.library.path: [C:\Users\LENOVO\.jdks\openjdk-23.0.2\bin;C:\WINDOWS\Sun\Java\bin;C:\WINDOWS\system32;C:\WINDOWS;C:\Program Files\Common Files\Oracle\Java\javapath;C:\WINDOWS\system32;C:\WINDOWS;C:\WINDOWS\System32\Wbem;C:\WINDOWS\System32\WindowsPowerShell\v1.0\;C:\WINDOWS\System32\OpenSSH\;C:\Program Files\nodejs\;C:\Program Files\Git\cmd;C:\Program Files\MySQL\MySQL Shell 9.2\bin\;C:\Users\LENOVO\AppData\Local\Microsoft\WindowsApps;C:\Users\LENOVO\AppData\Local\Programs\Microsoft VS Code\bin;C:\Users\LENOVO\AppData\Roaming\npm;.]
27-Jun-2025 13:18:55.144 INFO [main] org.apache.coyote.AbstractProtocol.init Initializing ProtocolHandler ["http-nio-8080"]
27-Jun-2025 13:18:55.161 INFO [main] org.apache.catalina.startup.Catalina.load Server initialization in [639] milliseconds
27-Jun-2025 13:18:55.208 INFO [main] org.apache.catalina.core.StandardService.startInternal Starting service [Catalina]
27-Jun-2025 13:18:55.208 INFO [main] org.apache.catalina.core.StandardEngine.startInternal Starting Servlet engine: [Apache Tomcat/9.0.106]
27-Jun-2025 13:18:55.221 INFO [main] org.apache.catalina.startup.HostConfig.deployDescriptor Deploying deployment descriptor [C:\Users\LENOVO\IdeaProjects\GenericServlet\.smarttomcat\conf\Catalina\localhost\GenericServlet.xml]
27-Jun-2025 13:18:55.556 INFO [main] org.apache.catalina.startup.HostConfig.deployDescriptor Deployment of deployment descriptor [C:\Users\LENOVO\IdeaProjects\GenericServlet\.smarttomcat\conf\Catalina\localhost\GenericServlet.xml] has finished in [334] ms
27-Jun-2025 13:18:55.560 INFO [main] org.apache.coyote.AbstractProtocol.start Starting ProtocolHandler ["http-nio-8080"]
27-Jun-2025 13:18:55.584 INFO [main] org.apache.catalina.startup.Catalina.start Server startup in [421] milliseconds
27-Jun-2025 13:20:06.513 INFO [Thread-1] org.apache.coyote.AbstractProtocol.pause Pausing ProtocolHandler ["http-nio-8080"]
27-Jun-2025 13:20:06.525 INFO [Thread-1] org.apache.catalina.core.StandardService.stopInternal Stopping service [Catalina]
27-Jun-2025 13:20:06.537 INFO [Thread-1] org.apache.coyote.AbstractProtocol.stop Stopping ProtocolHandler ["http-nio-8080"]
27-Jun-2025 13:20:06.557 INFO [Thread-1] org.apache.coyote.AbstractProtocol.destroy Destroying ProtocolHandler ["http-nio-8080"]
